[github.com/flipped-aurora/gin-vue-admin/server]2022/05/23 - 00:11:51.067	[34minfo[0m	/jz/gin-vue-admin/server/initialize/gorm.go:61	register table success
[github.com/flipped-aurora/gin-vue-admin/server]2022/05/23 - 00:11:51.068	[34minfo[0m	/jz/gin-vue-admin/server/initialize/router.go:32	use middleware logger
[github.com/flipped-aurora/gin-vue-admin/server]2022/05/23 - 00:11:51.068	[34minfo[0m	/jz/gin-vue-admin/server/initialize/router.go:36	use middleware cors
[github.com/flipped-aurora/gin-vue-admin/server]2022/05/23 - 00:11:51.068	[34minfo[0m	/jz/gin-vue-admin/server/initialize/router.go:38	register swagger handler
[github.com/flipped-aurora/gin-vue-admin/server]2022/05/23 - 00:11:51.071	[34minfo[0m	/jz/gin-vue-admin/server/initialize/router.go:80	router register success
[github.com/flipped-aurora/gin-vue-admin/server]2022/05/23 - 00:11:51.071	[34minfo[0m	/jz/gin-vue-admin/server/core/server.go:36	server run success on 	{"address": ":8888"}
[github.com/flipped-aurora/gin-vue-admin/server]2022/05/23 - 00:14:18.727	[34minfo[0m	/jz/gin-vue-admin/server/initialize/gorm.go:61	register table success
[github.com/flipped-aurora/gin-vue-admin/server]2022/05/23 - 00:14:18.728	[34minfo[0m	/jz/gin-vue-admin/server/initialize/router.go:32	use middleware logger
[github.com/flipped-aurora/gin-vue-admin/server]2022/05/23 - 00:14:18.728	[34minfo[0m	/jz/gin-vue-admin/server/initialize/router.go:36	use middleware cors
[github.com/flipped-aurora/gin-vue-admin/server]2022/05/23 - 00:14:18.728	[34minfo[0m	/jz/gin-vue-admin/server/initialize/router.go:38	register swagger handler
[github.com/flipped-aurora/gin-vue-admin/server]2022/05/23 - 00:14:18.729	[34minfo[0m	/jz/gin-vue-admin/server/initialize/router.go:80	router register success
[github.com/flipped-aurora/gin-vue-admin/server]2022/05/23 - 00:14:18.729	[34minfo[0m	/jz/gin-vue-admin/server/core/server.go:36	server run success on 	{"address": ":8888"}
[github.com/flipped-aurora/gin-vue-admin/server]2022/05/23 - 00:51:14.028	[34minfo[0m	/jz/gin-vue-admin/server/initialize/gorm.go:61	register table success
[github.com/flipped-aurora/gin-vue-admin/server]2022/05/23 - 00:51:14.031	[34minfo[0m	/jz/gin-vue-admin/server/initialize/router.go:32	use middleware logger
[github.com/flipped-aurora/gin-vue-admin/server]2022/05/23 - 00:51:14.031	[34minfo[0m	/jz/gin-vue-admin/server/initialize/router.go:36	use middleware cors
[github.com/flipped-aurora/gin-vue-admin/server]2022/05/23 - 00:51:14.031	[34minfo[0m	/jz/gin-vue-admin/server/initialize/router.go:38	register swagger handler
[github.com/flipped-aurora/gin-vue-admin/server]2022/05/23 - 00:51:14.032	[34minfo[0m	/jz/gin-vue-admin/server/initialize/router.go:80	router register success
[github.com/flipped-aurora/gin-vue-admin/server]2022/05/23 - 00:51:14.032	[34minfo[0m	/jz/gin-vue-admin/server/core/server.go:36	server run success on 	{"address": ":8888"}
[github.com/flipped-aurora/gin-vue-admin/server]2022/05/23 - 01:15:11.525	[34minfo[0m	/jz/gin-vue-admin/server/initialize/gorm.go:61	register table success
[github.com/flipped-aurora/gin-vue-admin/server]2022/05/23 - 01:15:11.526	[34minfo[0m	/jz/gin-vue-admin/server/initialize/router.go:32	use middleware logger
[github.com/flipped-aurora/gin-vue-admin/server]2022/05/23 - 01:15:11.526	[34minfo[0m	/jz/gin-vue-admin/server/initialize/router.go:36	use middleware cors
[github.com/flipped-aurora/gin-vue-admin/server]2022/05/23 - 01:15:11.527	[34minfo[0m	/jz/gin-vue-admin/server/initialize/router.go:38	register swagger handler
[github.com/flipped-aurora/gin-vue-admin/server]2022/05/23 - 01:15:11.529	[34minfo[0m	/jz/gin-vue-admin/server/initialize/router.go:80	router register success
[github.com/flipped-aurora/gin-vue-admin/server]2022/05/23 - 01:15:11.529	[34minfo[0m	/jz/gin-vue-admin/server/core/server.go:36	server run success on 	{"address": ":8888"}
[github.com/flipped-aurora/gin-vue-admin/server]2022/05/23 - 02:54:08.941	[34minfo[0m	/jz/gin-vue-admin/server/initialize/gorm.go:61	register table success
[github.com/flipped-aurora/gin-vue-admin/server]2022/05/23 - 02:54:08.945	[34minfo[0m	/jz/gin-vue-admin/server/initialize/router.go:32	use middleware logger
[github.com/flipped-aurora/gin-vue-admin/server]2022/05/23 - 02:54:08.945	[34minfo[0m	/jz/gin-vue-admin/server/initialize/router.go:36	use middleware cors
[github.com/flipped-aurora/gin-vue-admin/server]2022/05/23 - 02:54:08.945	[34minfo[0m	/jz/gin-vue-admin/server/initialize/router.go:38	register swagger handler
[github.com/flipped-aurora/gin-vue-admin/server]2022/05/23 - 02:54:08.946	[34minfo[0m	/jz/gin-vue-admin/server/initialize/router.go:80	router register success
[github.com/flipped-aurora/gin-vue-admin/server]2022/05/23 - 02:54:08.946	[34minfo[0m	/jz/gin-vue-admin/server/core/server.go:36	server run success on 	{"address": ":8888"}
[github.com/flipped-aurora/gin-vue-admin/server]2022/05/23 - 02:56:24.694	[34minfo[0m	/jz/gin-vue-admin/server/initialize/gorm.go:61	register table success
[github.com/flipped-aurora/gin-vue-admin/server]2022/05/23 - 02:56:24.698	[34minfo[0m	/jz/gin-vue-admin/server/initialize/router.go:32	use middleware logger
[github.com/flipped-aurora/gin-vue-admin/server]2022/05/23 - 02:56:24.698	[34minfo[0m	/jz/gin-vue-admin/server/initialize/router.go:36	use middleware cors
[github.com/flipped-aurora/gin-vue-admin/server]2022/05/23 - 02:56:24.698	[34minfo[0m	/jz/gin-vue-admin/server/initialize/router.go:38	register swagger handler
[github.com/flipped-aurora/gin-vue-admin/server]2022/05/23 - 02:56:24.705	[34minfo[0m	/jz/gin-vue-admin/server/initialize/router.go:80	router register success
[github.com/flipped-aurora/gin-vue-admin/server]2022/05/23 - 02:56:24.705	[34minfo[0m	/jz/gin-vue-admin/server/core/server.go:36	server run success on 	{"address": ":8888"}
[github.com/flipped-aurora/gin-vue-admin/server]2022/05/23 - 03:00:02.983	[34minfo[0m	/jz/gin-vue-admin/server/initialize/gorm.go:61	register table success
[github.com/flipped-aurora/gin-vue-admin/server]2022/05/23 - 03:00:02.985	[34minfo[0m	/jz/gin-vue-admin/server/initialize/router.go:32	use middleware logger
[github.com/flipped-aurora/gin-vue-admin/server]2022/05/23 - 03:00:02.985	[34minfo[0m	/jz/gin-vue-admin/server/initialize/router.go:36	use middleware cors
[github.com/flipped-aurora/gin-vue-admin/server]2022/05/23 - 03:00:02.985	[34minfo[0m	/jz/gin-vue-admin/server/initialize/router.go:38	register swagger handler
[github.com/flipped-aurora/gin-vue-admin/server]2022/05/23 - 03:00:02.997	[34minfo[0m	/jz/gin-vue-admin/server/initialize/router.go:80	router register success
[github.com/flipped-aurora/gin-vue-admin/server]2022/05/23 - 03:00:02.997	[34minfo[0m	/jz/gin-vue-admin/server/core/server.go:36	server run success on 	{"address": ":8888"}
[github.com/flipped-aurora/gin-vue-admin/server]2022/05/23 - 12:03:40.378	[34minfo[0m	/jz/gin-vue-admin/server/initialize/gorm.go:61	register table success
[github.com/flipped-aurora/gin-vue-admin/server]2022/05/23 - 12:03:40.380	[34minfo[0m	/jz/gin-vue-admin/server/initialize/router.go:32	use middleware logger
[github.com/flipped-aurora/gin-vue-admin/server]2022/05/23 - 12:03:40.380	[34minfo[0m	/jz/gin-vue-admin/server/initialize/router.go:36	use middleware cors
[github.com/flipped-aurora/gin-vue-admin/server]2022/05/23 - 12:03:40.380	[34minfo[0m	/jz/gin-vue-admin/server/initialize/router.go:38	register swagger handler
[github.com/flipped-aurora/gin-vue-admin/server]2022/05/23 - 12:03:40.381	[34minfo[0m	/jz/gin-vue-admin/server/initialize/router.go:80	router register success
[github.com/flipped-aurora/gin-vue-admin/server]2022/05/23 - 12:03:40.381	[34minfo[0m	/jz/gin-vue-admin/server/core/server.go:36	server run success on 	{"address": ":8888"}
[github.com/flipped-aurora/gin-vue-admin/server]2022/05/23 - 14:54:46.159	[34minfo[0m	/jz/gin-vue-admin/server/initialize/gorm.go:61	register table success
[github.com/flipped-aurora/gin-vue-admin/server]2022/05/23 - 14:54:46.162	[34minfo[0m	/jz/gin-vue-admin/server/initialize/router.go:32	use middleware logger
[github.com/flipped-aurora/gin-vue-admin/server]2022/05/23 - 14:54:46.162	[34minfo[0m	/jz/gin-vue-admin/server/initialize/router.go:36	use middleware cors
[github.com/flipped-aurora/gin-vue-admin/server]2022/05/23 - 14:54:46.162	[34minfo[0m	/jz/gin-vue-admin/server/initialize/router.go:38	register swagger handler
[github.com/flipped-aurora/gin-vue-admin/server]2022/05/23 - 14:54:46.162	[34minfo[0m	/jz/gin-vue-admin/server/initialize/router.go:80	router register success
[github.com/flipped-aurora/gin-vue-admin/server]2022/05/23 - 14:54:46.162	[34minfo[0m	/jz/gin-vue-admin/server/core/server.go:36	server run success on 	{"address": ":8888"}
[github.com/flipped-aurora/gin-vue-admin/server]2022/05/23 - 14:55:50.900	[34minfo[0m	/jz/gin-vue-admin/server/initialize/gorm.go:61	register table success
[github.com/flipped-aurora/gin-vue-admin/server]2022/05/23 - 14:55:50.901	[34minfo[0m	/jz/gin-vue-admin/server/initialize/router.go:32	use middleware logger
[github.com/flipped-aurora/gin-vue-admin/server]2022/05/23 - 14:55:50.901	[34minfo[0m	/jz/gin-vue-admin/server/initialize/router.go:36	use middleware cors
[github.com/flipped-aurora/gin-vue-admin/server]2022/05/23 - 14:55:50.902	[34minfo[0m	/jz/gin-vue-admin/server/initialize/router.go:38	register swagger handler
[github.com/flipped-aurora/gin-vue-admin/server]2022/05/23 - 14:55:50.902	[34minfo[0m	/jz/gin-vue-admin/server/initialize/router.go:80	router register success
[github.com/flipped-aurora/gin-vue-admin/server]2022/05/23 - 14:55:50.902	[34minfo[0m	/jz/gin-vue-admin/server/core/server.go:36	server run success on 	{"address": ":8888"}
[github.com/flipped-aurora/gin-vue-admin/server]2022/05/23 - 14:57:23.134	[34minfo[0m	/jz/gin-vue-admin/server/initialize/gorm.go:61	register table success
[github.com/flipped-aurora/gin-vue-admin/server]2022/05/23 - 14:57:23.136	[34minfo[0m	/jz/gin-vue-admin/server/initialize/router.go:32	use middleware logger
[github.com/flipped-aurora/gin-vue-admin/server]2022/05/23 - 14:57:23.136	[34minfo[0m	/jz/gin-vue-admin/server/initialize/router.go:36	use middleware cors
[github.com/flipped-aurora/gin-vue-admin/server]2022/05/23 - 14:57:23.137	[34minfo[0m	/jz/gin-vue-admin/server/initialize/router.go:38	register swagger handler
[github.com/flipped-aurora/gin-vue-admin/server]2022/05/23 - 14:57:23.137	[34minfo[0m	/jz/gin-vue-admin/server/initialize/router.go:80	router register success
[github.com/flipped-aurora/gin-vue-admin/server]2022/05/23 - 14:57:23.137	[34minfo[0m	/jz/gin-vue-admin/server/core/server.go:36	server run success on 	{"address": ":8888"}
[github.com/flipped-aurora/gin-vue-admin/server]2022/05/23 - 15:12:21.855	[34minfo[0m	/Users/leven/lowcode/gin-vue-admin/server/initialize/gorm.go:61	register table success
[github.com/flipped-aurora/gin-vue-admin/server]2022/05/23 - 15:12:21.857	[34minfo[0m	/Users/leven/lowcode/gin-vue-admin/server/initialize/router.go:32	use middleware logger
[github.com/flipped-aurora/gin-vue-admin/server]2022/05/23 - 15:12:21.857	[34minfo[0m	/Users/leven/lowcode/gin-vue-admin/server/initialize/router.go:36	use middleware cors
[github.com/flipped-aurora/gin-vue-admin/server]2022/05/23 - 15:12:21.857	[34minfo[0m	/Users/leven/lowcode/gin-vue-admin/server/initialize/router.go:38	register swagger handler
[github.com/flipped-aurora/gin-vue-admin/server]2022/05/23 - 15:12:21.861	[34minfo[0m	/Users/leven/lowcode/gin-vue-admin/server/initialize/router.go:80	router register success
[github.com/flipped-aurora/gin-vue-admin/server]2022/05/23 - 15:12:21.861	[34minfo[0m	/Users/leven/lowcode/gin-vue-admin/server/core/server.go:36	server run success on 	{"address": ":8888"}
[github.com/flipped-aurora/gin-vue-admin/server]2022/05/23 - 15:19:54.960	[34minfo[0m	/Users/leven/lowcode/gin-vue-admin/server/initialize/gorm.go:61	register table success
[github.com/flipped-aurora/gin-vue-admin/server]2022/05/23 - 15:19:54.961	[34minfo[0m	/Users/leven/lowcode/gin-vue-admin/server/initialize/router.go:32	use middleware logger
[github.com/flipped-aurora/gin-vue-admin/server]2022/05/23 - 15:19:54.962	[34minfo[0m	/Users/leven/lowcode/gin-vue-admin/server/initialize/router.go:36	use middleware cors
[github.com/flipped-aurora/gin-vue-admin/server]2022/05/23 - 15:19:54.962	[34minfo[0m	/Users/leven/lowcode/gin-vue-admin/server/initialize/router.go:38	register swagger handler
[github.com/flipped-aurora/gin-vue-admin/server]2022/05/23 - 15:19:54.963	[34minfo[0m	/Users/leven/lowcode/gin-vue-admin/server/initialize/router.go:80	router register success
[github.com/flipped-aurora/gin-vue-admin/server]2022/05/23 - 15:19:54.963	[34minfo[0m	/Users/leven/lowcode/gin-vue-admin/server/core/server.go:36	server run success on 	{"address": ":8888"}
[github.com/flipped-aurora/gin-vue-admin/server]2022/05/23 - 19:17:06.360	[34minfo[0m	/Users/leven/lowcode/gin-vue-admin/server/initialize/router.go:32	use middleware logger
[github.com/flipped-aurora/gin-vue-admin/server]2022/05/23 - 19:17:06.361	[34minfo[0m	/Users/leven/lowcode/gin-vue-admin/server/initialize/router.go:36	use middleware cors
[github.com/flipped-aurora/gin-vue-admin/server]2022/05/23 - 19:17:06.361	[34minfo[0m	/Users/leven/lowcode/gin-vue-admin/server/initialize/router.go:38	register swagger handler
[github.com/flipped-aurora/gin-vue-admin/server]2022/05/23 - 19:17:06.363	[34minfo[0m	/Users/leven/lowcode/gin-vue-admin/server/initialize/router.go:80	router register success
[github.com/flipped-aurora/gin-vue-admin/server]2022/05/23 - 19:17:06.363	[34minfo[0m	/Users/leven/lowcode/gin-vue-admin/server/core/server.go:36	server run success on 	{"address": ":8888"}
